<?xml version="1.0" encoding="UTF-8"?>
<!-- Generated by org.testng.reporters.JUnitReportReporter -->
<testsuite hostname="Ajays-MacBook-Air.local" failures="0" tests="1" name="com.mphasis.testcases.LoginPageTest" time="15.891" errors="0" timestamp="2022-03-07T11:01:30 IST" skipped="0">
  <testcase classname="com.mphasis.testcases.LoginPageTest" name="validateLoginTest" time="15.891"/>
  <system-out/>
</testsuite> <!-- com.mphasis.testcases.LoginPageTest -->
