<?xml version="1.0" encoding="UTF-8"?>
<!-- Generated by org.testng.reporters.JUnitReportReporter -->
<testsuite hostname="Ajays-MacBook-Air.local" failures="0" tests="1" name="com.mphasis.testcases.LoginPageTest" time="11.928" errors="0" timestamp="2022-03-07T15:58:51 IST" skipped="0">
  <testcase classname="com.mphasis.testcases.LoginPageTest" name="validateTitleTest" time="11.928"/>
  <system-out/>
</testsuite> <!-- com.mphasis.testcases.LoginPageTest -->
